<?xml version="1.0" encoding="UTF-8"?>
<!-- Generated by org.testng.reporters.JUnitXMLReporter -->
<testsuite hostname="vishakha-pc" failures="0" tests="3" name="Test" time="50.392" errors="0" timestamp="19 Mar 2023 11:50:01 GMT">
  <testcase classname="Practiceradiodropdown.Dropdownpractice" name="dropdown" time="4.598"/>
  <testcase classname="Practiceradiodropdown.Radiobuttonpractice" name="radio" time="4.255"/>
  <testcase classname="Practiceradiodropdown.Textarea" name="text" time="12.808"/>
</testsuite> <!-- Test -->
